c:\users\mattm_000\documents\visual studio 2015\projects\cs2420\postfixstack\postfixstack\debug\vc140.pdb
c:\users\mattm_000\documents\visual studio 2015\projects\cs2420\postfixstack\postfixstack\debug\vc140.idb
c:\users\mattm_000\documents\visual studio 2015\projects\cs2420\postfixstack\postfixstack\debug\stack.obj
c:\users\mattm_000\documents\visual studio 2015\projects\cs2420\postfixstack\debug\postfixstack.pdb
c:\users\mattm_000\documents\visual studio 2015\projects\cs2420\postfixstack\postfixstack\debug\postfixstack.tlog\cl.command.1.tlog
c:\users\mattm_000\documents\visual studio 2015\projects\cs2420\postfixstack\postfixstack\debug\postfixstack.tlog\cl.read.1.tlog
c:\users\mattm_000\documents\visual studio 2015\projects\cs2420\postfixstack\postfixstack\debug\postfixstack.tlog\cl.write.1.tlog
c:\users\mattm_000\documents\visual studio 2015\projects\cs2420\postfixstack\postfixstack\debug\postfixstack.tlog\link-cvtres.read.1.tlog
c:\users\mattm_000\documents\visual studio 2015\projects\cs2420\postfixstack\postfixstack\debug\postfixstack.tlog\link-cvtres.write.1.tlog
c:\users\mattm_000\documents\visual studio 2015\projects\cs2420\postfixstack\postfixstack\debug\postfixstack.tlog\link-rc.read.1.tlog
c:\users\mattm_000\documents\visual studio 2015\projects\cs2420\postfixstack\postfixstack\debug\postfixstack.tlog\link-rc.write.1.tlog
c:\users\mattm_000\documents\visual studio 2015\projects\cs2420\postfixstack\postfixstack\debug\postfixstack.tlog\link.6964-cvtres.read.1.tlog
c:\users\mattm_000\documents\visual studio 2015\projects\cs2420\postfixstack\postfixstack\debug\postfixstack.tlog\link.6964-cvtres.write.1.tlog
c:\users\mattm_000\documents\visual studio 2015\projects\cs2420\postfixstack\postfixstack\debug\postfixstack.tlog\link.6964-rc.read.1.tlog
c:\users\mattm_000\documents\visual studio 2015\projects\cs2420\postfixstack\postfixstack\debug\postfixstack.tlog\link.6964-rc.write.1.tlog
c:\users\mattm_000\documents\visual studio 2015\projects\cs2420\postfixstack\postfixstack\debug\postfixstack.tlog\link.6964.read.1.tlog
c:\users\mattm_000\documents\visual studio 2015\projects\cs2420\postfixstack\postfixstack\debug\postfixstack.tlog\link.6964.write.1.tlog
c:\users\mattm_000\documents\visual studio 2015\projects\cs2420\postfixstack\postfixstack\debug\postfixstack.tlog\link.command.1.tlog
c:\users\mattm_000\documents\visual studio 2015\projects\cs2420\postfixstack\postfixstack\debug\postfixstack.tlog\link.read.1.tlog
c:\users\mattm_000\documents\visual studio 2015\projects\cs2420\postfixstack\postfixstack\debug\postfixstack.tlog\link.write.1.tlog
